[debug] [2023-04-10T21:47:14.703Z] ----------------------------------------------------------------------
[debug] [2023-04-10T21:47:14.705Z] Command:       C:\Program Files\nodejs\node.exe C:\Users\moh20\AppData\Roaming\npm\node_modules\firebase-tools\lib\bin\firebase.js init
[debug] [2023-04-10T21:47:14.705Z] CLI Version:   11.25.3
[debug] [2023-04-10T21:47:14.705Z] Platform:      win32
[debug] [2023-04-10T21:47:14.706Z] Node Version:  v18.15.0
[debug] [2023-04-10T21:47:14.706Z] Time:          Tue Apr 11 2023 00:47:14 GMT+0300 (Arabian Standard Time)
[debug] [2023-04-10T21:47:14.707Z] ----------------------------------------------------------------------
[debug] 
[debug] [2023-04-10T21:47:14.710Z] >>> [apiv2][query] GET https://firebase-public.firebaseio.com/cli.json [none]
[debug] [2023-04-10T21:47:14.757Z] > command requires scopes: ["email","openid","https://www.googleapis.com/auth/cloudplatformprojects.readonly","https://www.googleapis.com/auth/firebase","https://www.googleapis.com/auth/cloud-platform"]
[debug] [2023-04-10T21:47:14.757Z] > authorizing via signed-in user (mohizuu.99@gmail.com)
[info] 
     ######## #### ########  ######## ########     ###     ######  ########
     ##        ##  ##     ## ##       ##     ##  ##   ##  ##       ##
     ######    ##  ########  ######   ########  #########  ######  ######
     ##        ##  ##    ##  ##       ##     ## ##     ##       ## ##
     ##       #### ##     ## ######## ########  ##     ##  ######  ########

You're about to initialize a Firebase project in this directory:

  C:\Users\moh20\PycharmProjects\RedirectProject\Redirect

[debug] [2023-04-10T21:47:15.566Z] <<< [apiv2][status] GET https://firebase-public.firebaseio.com/cli.json 200
[debug] [2023-04-10T21:47:15.567Z] <<< [apiv2][body] GET https://firebase-public.firebaseio.com/cli.json {"cloudBuildErrorAfter":1594252800000,"cloudBuildWarnAfter":1590019200000,"defaultNode10After":1594252800000,"minVersion":"3.0.5","node8DeploysDisabledAfter":1613390400000,"node8RuntimeDisabledAfter":1615809600000,"node8WarnAfter":1600128000000}
[info] 
=== Project Setup
[info] 
[info] First, let's associate this project directory with a Firebase project.
[info] You can create multiple project aliases by running firebase use --add, 
[info] but for now we'll just set up a default project.
[info] 
[debug] [2023-04-10T21:47:36.547Z] > refreshing access token with scopes: []
[debug] [2023-04-10T21:47:36.549Z] >>> [apiv2][query] POST https://www.googleapis.com/oauth2/v3/token [none]
[debug] [2023-04-10T21:47:36.549Z] >>> [apiv2][body] POST https://www.googleapis.com/oauth2/v3/token [omitted]
[debug] [2023-04-10T21:47:36.926Z] <<< [apiv2][status] POST https://www.googleapis.com/oauth2/v3/token 200
[debug] [2023-04-10T21:47:36.926Z] <<< [apiv2][body] POST https://www.googleapis.com/oauth2/v3/token [omitted]
[debug] [2023-04-10T21:47:36.941Z] >>> [apiv2][query] GET https://firebase.googleapis.com/v1beta1/projects pageSize=100
[debug] [2023-04-10T21:47:38.290Z] <<< [apiv2][status] GET https://firebase.googleapis.com/v1beta1/projects 200
[debug] [2023-04-10T21:47:38.290Z] <<< [apiv2][body] GET https://firebase.googleapis.com/v1beta1/projects [omitted]
